Message[301] C:\PROGRAM FILES (X86)\MICROCHIP\MPLABX\V5.35\MPASMX\P18F47Q10.INC 34 : MESSAGE: (Processor-header file mismatch.  Verify selected processor.)
Error[176]   C:\USERS\JOHNNY\DESKTOP\PROJECT SERIAL\LEDTIMER.X\LEDTIMER.ASM 13 : CONFIG Directive Error:  (processor "EEPROM8" is invalid for CONFIG directive)
Error[176]   C:\USERS\JOHNNY\DESKTOP\PROJECT SERIAL\LEDTIMER.X\LEDTIMER.ASM 14 : CONFIG Directive Error:  (processor "EEPROM8" is invalid for CONFIG directive)
Error[176]   C:\USERS\JOHNNY\DESKTOP\PROJECT SERIAL\LEDTIMER.X\LEDTIMER.ASM 17 : CONFIG Directive Error:  (processor "EEPROM8" is invalid for CONFIG directive)
Error[176]   C:\USERS\JOHNNY\DESKTOP\PROJECT SERIAL\LEDTIMER.X\LEDTIMER.ASM 18 : CONFIG Directive Error:  (processor "EEPROM8" is invalid for CONFIG directive)
Error[176]   C:\USERS\JOHNNY\DESKTOP\PROJECT SERIAL\LEDTIMER.X\LEDTIMER.ASM 19 : CONFIG Directive Error:  (processor "EEPROM8" is invalid for CONFIG directive)
Error[176]   C:\USERS\JOHNNY\DESKTOP\PROJECT SERIAL\LEDTIMER.X\LEDTIMER.ASM 22 : CONFIG Directive Error:  (processor "EEPROM8" is invalid for CONFIG directive)
Error[176]   C:\USERS\JOHNNY\DESKTOP\PROJECT SERIAL\LEDTIMER.X\LEDTIMER.ASM 23 : CONFIG Directive Error:  (processor "EEPROM8" is invalid for CONFIG directive)
Error[176]   C:\USERS\JOHNNY\DESKTOP\PROJECT SERIAL\LEDTIMER.X\LEDTIMER.ASM 24 : CONFIG Directive Error:  (processor "EEPROM8" is invalid for CONFIG directive)
Error[176]   C:\USERS\JOHNNY\DESKTOP\PROJECT SERIAL\LEDTIMER.X\LEDTIMER.ASM 25 : CONFIG Directive Error:  (processor "EEPROM8" is invalid for CONFIG directive)
Error[176]   C:\USERS\JOHNNY\DESKTOP\PROJECT SERIAL\LEDTIMER.X\LEDTIMER.ASM 28 : CONFIG Directive Error:  (processor "EEPROM8" is invalid for CONFIG directive)
Error[176]   C:\USERS\JOHNNY\DESKTOP\PROJECT SERIAL\LEDTIMER.X\LEDTIMER.ASM 29 : CONFIG Directive Error:  (processor "EEPROM8" is invalid for CONFIG directive)
Error[176]   C:\USERS\JOHNNY\DESKTOP\PROJECT SERIAL\LEDTIMER.X\LEDTIMER.ASM 30 : CONFIG Directive Error:  (processor "EEPROM8" is invalid for CONFIG directive)
Error[176]   C:\USERS\JOHNNY\DESKTOP\PROJECT SERIAL\LEDTIMER.X\LEDTIMER.ASM 31 : CONFIG Directive Error:  (processor "EEPROM8" is invalid for CONFIG directive)
Error[176]   C:\USERS\JOHNNY\DESKTOP\PROJECT SERIAL\LEDTIMER.X\LEDTIMER.ASM 32 : CONFIG Directive Error:  (processor "EEPROM8" is invalid for CONFIG directive)
Error[176]   C:\USERS\JOHNNY\DESKTOP\PROJECT SERIAL\LEDTIMER.X\LEDTIMER.ASM 35 : CONFIG Directive Error:  (processor "EEPROM8" is invalid for CONFIG directive)
Error[176]   C:\USERS\JOHNNY\DESKTOP\PROJECT SERIAL\LEDTIMER.X\LEDTIMER.ASM 36 : CONFIG Directive Error:  (processor "EEPROM8" is invalid for CONFIG directive)
Error[176]   C:\USERS\JOHNNY\DESKTOP\PROJECT SERIAL\LEDTIMER.X\LEDTIMER.ASM 39 : CONFIG Directive Error:  (processor "EEPROM8" is invalid for CONFIG directive)
Error[176]   C:\USERS\JOHNNY\DESKTOP\PROJECT SERIAL\LEDTIMER.X\LEDTIMER.ASM 40 : CONFIG Directive Error:  (processor "EEPROM8" is invalid for CONFIG directive)
Error[176]   C:\USERS\JOHNNY\DESKTOP\PROJECT SERIAL\LEDTIMER.X\LEDTIMER.ASM 43 : CONFIG Directive Error:  (processor "EEPROM8" is invalid for CONFIG directive)
Error[176]   C:\USERS\JOHNNY\DESKTOP\PROJECT SERIAL\LEDTIMER.X\LEDTIMER.ASM 44 : CONFIG Directive Error:  (processor "EEPROM8" is invalid for CONFIG directive)
Error[176]   C:\USERS\JOHNNY\DESKTOP\PROJECT SERIAL\LEDTIMER.X\LEDTIMER.ASM 45 : CONFIG Directive Error:  (processor "EEPROM8" is invalid for CONFIG directive)
Error[176]   C:\USERS\JOHNNY\DESKTOP\PROJECT SERIAL\LEDTIMER.X\LEDTIMER.ASM 46 : CONFIG Directive Error:  (processor "EEPROM8" is invalid for CONFIG directive)
Error[176]   C:\USERS\JOHNNY\DESKTOP\PROJECT SERIAL\LEDTIMER.X\LEDTIMER.ASM 47 : CONFIG Directive Error:  (processor "EEPROM8" is invalid for CONFIG directive)
Error[176]   C:\USERS\JOHNNY\DESKTOP\PROJECT SERIAL\LEDTIMER.X\LEDTIMER.ASM 48 : CONFIG Directive Error:  (processor "EEPROM8" is invalid for CONFIG directive)
Error[176]   C:\USERS\JOHNNY\DESKTOP\PROJECT SERIAL\LEDTIMER.X\LEDTIMER.ASM 49 : CONFIG Directive Error:  (processor "EEPROM8" is invalid for CONFIG directive)
Error[176]   C:\USERS\JOHNNY\DESKTOP\PROJECT SERIAL\LEDTIMER.X\LEDTIMER.ASM 50 : CONFIG Directive Error:  (processor "EEPROM8" is invalid for CONFIG directive)
Error[176]   C:\USERS\JOHNNY\DESKTOP\PROJECT SERIAL\LEDTIMER.X\LEDTIMER.ASM 55 : CONFIG Directive Error:  (processor "EEPROM8" is invalid for CONFIG directive)
Error[176]   C:\USERS\JOHNNY\DESKTOP\PROJECT SERIAL\LEDTIMER.X\LEDTIMER.ASM 56 : CONFIG Directive Error:  (processor "EEPROM8" is invalid for CONFIG directive)
Error[176]   C:\USERS\JOHNNY\DESKTOP\PROJECT SERIAL\LEDTIMER.X\LEDTIMER.ASM 57 : CONFIG Directive Error:  (processor "EEPROM8" is invalid for CONFIG directive)
Error[176]   C:\USERS\JOHNNY\DESKTOP\PROJECT SERIAL\LEDTIMER.X\LEDTIMER.ASM 58 : CONFIG Directive Error:  (processor "EEPROM8" is invalid for CONFIG directive)
Error[176]   C:\USERS\JOHNNY\DESKTOP\PROJECT SERIAL\LEDTIMER.X\LEDTIMER.ASM 59 : CONFIG Directive Error:  (processor "EEPROM8" is invalid for CONFIG directive)
Warning[207] C:\USERS\JOHNNY\DESKTOP\PROJECT SERIAL\LEDTIMER.X\LEDTIMER.ASM 62 : Found label after column 1. (CALL)
Error[122]   C:\USERS\JOHNNY\DESKTOP\PROJECT SERIAL\LEDTIMER.X\LEDTIMER.ASM 62 : Illegal opcode (Init)
Warning[207] C:\USERS\JOHNNY\DESKTOP\PROJECT SERIAL\LEDTIMER.X\LEDTIMER.ASM 63 : Found label after column 1. (GOTO)
Error[122]   C:\USERS\JOHNNY\DESKTOP\PROJECT SERIAL\LEDTIMER.X\LEDTIMER.ASM 63 : Illegal opcode (Mainline)
Warning[207] C:\USERS\JOHNNY\DESKTOP\PROJECT SERIAL\LEDTIMER.X\LEDTIMER.ASM 65 : Found label after column 1. (GOTO)
Error[122]   C:\USERS\JOHNNY\DESKTOP\PROJECT SERIAL\LEDTIMER.X\LEDTIMER.ASM 65 : Illegal opcode (ISR)
Message[312] C:\USERS\JOHNNY\DESKTOP\PROJECT SERIAL\LEDTIMER.X\LEDTIMER.ASM 69 : Page or Bank selection not needed for this device.  No code generated.
Warning[207] C:\USERS\JOHNNY\DESKTOP\PROJECT SERIAL\LEDTIMER.X\LEDTIMER.ASM 70 : Found label after column 1. (CLRF)
Error[122]   C:\USERS\JOHNNY\DESKTOP\PROJECT SERIAL\LEDTIMER.X\LEDTIMER.ASM 70 : Illegal opcode (TRISC)
Message[312] C:\USERS\JOHNNY\DESKTOP\PROJECT SERIAL\LEDTIMER.X\LEDTIMER.ASM 72 : Page or Bank selection not needed for this device.  No code generated.
Warning[207] C:\USERS\JOHNNY\DESKTOP\PROJECT SERIAL\LEDTIMER.X\LEDTIMER.ASM 73 : Found label after column 1. (BSF)
Error[122]   C:\USERS\JOHNNY\DESKTOP\PROJECT SERIAL\LEDTIMER.X\LEDTIMER.ASM 73 : Illegal opcode (T0CON0)
Warning[207] C:\USERS\JOHNNY\DESKTOP\PROJECT SERIAL\LEDTIMER.X\LEDTIMER.ASM 74 : Found label after column 1. (BSF)
Error[122]   C:\USERS\JOHNNY\DESKTOP\PROJECT SERIAL\LEDTIMER.X\LEDTIMER.ASM 74 : Illegal opcode (T0CON0)
Warning[207] C:\USERS\JOHNNY\DESKTOP\PROJECT SERIAL\LEDTIMER.X\LEDTIMER.ASM 75 : Found label after column 1. (BSF)
Error[122]   C:\USERS\JOHNNY\DESKTOP\PROJECT SERIAL\LEDTIMER.X\LEDTIMER.ASM 75 : Illegal opcode (T0CON0)
Warning[207] C:\USERS\JOHNNY\DESKTOP\PROJECT SERIAL\LEDTIMER.X\LEDTIMER.ASM 76 : Found label after column 1. (BSF)
Error[122]   C:\USERS\JOHNNY\DESKTOP\PROJECT SERIAL\LEDTIMER.X\LEDTIMER.ASM 76 : Illegal opcode (T0CON0)
Warning[207] C:\USERS\JOHNNY\DESKTOP\PROJECT SERIAL\LEDTIMER.X\LEDTIMER.ASM 77 : Found label after column 1. (BCF)
Error[122]   C:\USERS\JOHNNY\DESKTOP\PROJECT SERIAL\LEDTIMER.X\LEDTIMER.ASM 77 : Illegal opcode (T0CON0)
Warning[207] C:\USERS\JOHNNY\DESKTOP\PROJECT SERIAL\LEDTIMER.X\LEDTIMER.ASM 78 : Found label after column 1. (BCF)
Error[122]   C:\USERS\JOHNNY\DESKTOP\PROJECT SERIAL\LEDTIMER.X\LEDTIMER.ASM 78 : Illegal opcode (T0CON0)
Warning[207] C:\USERS\JOHNNY\DESKTOP\PROJECT SERIAL\LEDTIMER.X\LEDTIMER.ASM 79 : Found label after column 1. (BCF)
Error[122]   C:\USERS\JOHNNY\DESKTOP\PROJECT SERIAL\LEDTIMER.X\LEDTIMER.ASM 79 : Illegal opcode (T0CON1)
Warning[207] C:\USERS\JOHNNY\DESKTOP\PROJECT SERIAL\LEDTIMER.X\LEDTIMER.ASM 80 : Found label after column 1. (BSF)
Error[122]   C:\USERS\JOHNNY\DESKTOP\PROJECT SERIAL\LEDTIMER.X\LEDTIMER.ASM 80 : Illegal opcode (T0CON1)
Warning[207] C:\USERS\JOHNNY\DESKTOP\PROJECT SERIAL\LEDTIMER.X\LEDTIMER.ASM 81 : Found label after column 1. (BCF)
Error[122]   C:\USERS\JOHNNY\DESKTOP\PROJECT SERIAL\LEDTIMER.X\LEDTIMER.ASM 81 : Illegal opcode (T0CON1)
Warning[207] C:\USERS\JOHNNY\DESKTOP\PROJECT SERIAL\LEDTIMER.X\LEDTIMER.ASM 82 : Found label after column 1. (BCF)
Error[122]   C:\USERS\JOHNNY\DESKTOP\PROJECT SERIAL\LEDTIMER.X\LEDTIMER.ASM 82 : Illegal opcode (T0CON1)
Warning[207] C:\USERS\JOHNNY\DESKTOP\PROJECT SERIAL\LEDTIMER.X\LEDTIMER.ASM 83 : Found label after column 1. (BCF)
Error[122]   C:\USERS\JOHNNY\DESKTOP\PROJECT SERIAL\LEDTIMER.X\LEDTIMER.ASM 83 : Illegal opcode (T0CON1)
Warning[207] C:\USERS\JOHNNY\DESKTOP\PROJECT SERIAL\LEDTIMER.X\LEDTIMER.ASM 84 : Found label after column 1. (BCF)
Error[122]   C:\USERS\JOHNNY\DESKTOP\PROJECT SERIAL\LEDTIMER.X\LEDTIMER.ASM 84 : Illegal opcode (T0CON1)
Warning[207] C:\USERS\JOHNNY\DESKTOP\PROJECT SERIAL\LEDTIMER.X\LEDTIMER.ASM 85 : Found label after column 1. (BCF)
Error[122]   C:\USERS\JOHNNY\DESKTOP\PROJECT SERIAL\LEDTIMER.X\LEDTIMER.ASM 85 : Illegal opcode (T0CON1)
Warning[207] C:\USERS\JOHNNY\DESKTOP\PROJECT SERIAL\LEDTIMER.X\LEDTIMER.ASM 86 : Found label after column 1. (BCF)
Error[122]   C:\USERS\JOHNNY\DESKTOP\PROJECT SERIAL\LEDTIMER.X\LEDTIMER.ASM 86 : Illegal opcode (T0CON1)
Warning[207] C:\USERS\JOHNNY\DESKTOP\PROJECT SERIAL\LEDTIMER.X\LEDTIMER.ASM 89 : Found label after column 1. (CLRF)
Error[108]   C:\USERS\JOHNNY\DESKTOP\PROJECT SERIAL\LEDTIMER.X\LEDTIMER.ASM 89 : Illegal character (0)
Message[312] C:\USERS\JOHNNY\DESKTOP\PROJECT SERIAL\LEDTIMER.X\LEDTIMER.ASM 90 : Page or Bank selection not needed for this device.  No code generated.
Warning[207] C:\USERS\JOHNNY\DESKTOP\PROJECT SERIAL\LEDTIMER.X\LEDTIMER.ASM 91 : Found label after column 1. (BCF)
Error[122]   C:\USERS\JOHNNY\DESKTOP\PROJECT SERIAL\LEDTIMER.X\LEDTIMER.ASM 91 : Illegal opcode (IPR0)
Warning[207] C:\USERS\JOHNNY\DESKTOP\PROJECT SERIAL\LEDTIMER.X\LEDTIMER.ASM 92 : Found label after column 1. (BSF)
Error[122]   C:\USERS\JOHNNY\DESKTOP\PROJECT SERIAL\LEDTIMER.X\LEDTIMER.ASM 92 : Illegal opcode (PIE0)
Message[312] C:\USERS\JOHNNY\DESKTOP\PROJECT SERIAL\LEDTIMER.X\LEDTIMER.ASM 93 : Page or Bank selection not needed for this device.  No code generated.
Warning[207] C:\USERS\JOHNNY\DESKTOP\PROJECT SERIAL\LEDTIMER.X\LEDTIMER.ASM 94 : Found label after column 1. (BCF)
Error[122]   C:\USERS\JOHNNY\DESKTOP\PROJECT SERIAL\LEDTIMER.X\LEDTIMER.ASM 94 : Illegal opcode (INTCON)
Warning[207] C:\USERS\JOHNNY\DESKTOP\PROJECT SERIAL\LEDTIMER.X\LEDTIMER.ASM 95 : Found label after column 1. (BSF)
Error[122]   C:\USERS\JOHNNY\DESKTOP\PROJECT SERIAL\LEDTIMER.X\LEDTIMER.ASM 95 : Illegal opcode (INTCON)
Warning[207] C:\USERS\JOHNNY\DESKTOP\PROJECT SERIAL\LEDTIMER.X\LEDTIMER.ASM 96 : Found label after column 1. (BSF)
Error[122]   C:\USERS\JOHNNY\DESKTOP\PROJECT SERIAL\LEDTIMER.X\LEDTIMER.ASM 96 : Illegal opcode (INTCON)
Warning[207] C:\USERS\JOHNNY\DESKTOP\PROJECT SERIAL\LEDTIMER.X\LEDTIMER.ASM 97 : Found label after column 1. (RETURN)
Message[312] C:\USERS\JOHNNY\DESKTOP\PROJECT SERIAL\LEDTIMER.X\LEDTIMER.ASM 100 : Page or Bank selection not needed for this device.  No code generated.
Warning[207] C:\USERS\JOHNNY\DESKTOP\PROJECT SERIAL\LEDTIMER.X\LEDTIMER.ASM 101 : Found label after column 1. (BTFSS)
Error[122]   C:\USERS\JOHNNY\DESKTOP\PROJECT SERIAL\LEDTIMER.X\LEDTIMER.ASM 101 : Illegal opcode (PIR0)
Warning[207] C:\USERS\JOHNNY\DESKTOP\PROJECT SERIAL\LEDTIMER.X\LEDTIMER.ASM 102 : Found label after column 1. (RETFIE)
Warning[207] C:\USERS\JOHNNY\DESKTOP\PROJECT SERIAL\LEDTIMER.X\LEDTIMER.ASM 103 : Found label after column 1. (NEGF)
Error[122]   C:\USERS\JOHNNY\DESKTOP\PROJECT SERIAL\LEDTIMER.X\LEDTIMER.ASM 103 : Illegal opcode (LATC)
Warning[207] C:\USERS\JOHNNY\DESKTOP\PROJECT SERIAL\LEDTIMER.X\LEDTIMER.ASM 104 : Found label after column 1. (RETFIE)
Warning[207] C:\USERS\JOHNNY\DESKTOP\PROJECT SERIAL\LEDTIMER.X\LEDTIMER.ASM 108 : Found label after column 1. (GOTO)
Error[122]   C:\USERS\JOHNNY\DESKTOP\PROJECT SERIAL\LEDTIMER.X\LEDTIMER.ASM 108 : Illegal opcode (Mainline)
